mode: set
pinset/configs/s3/minio.go:15.35,25.2 1 0
pinset/configs/conf.go:9.58,10.48 1 0
pinset/configs/conf.go:10.48,12.3 1 0
pinset/configs/conf.go:14.2,14.21 1 0
pinset/configs/conf.go:17.59,19.55 2 0
pinset/configs/conf.go:19.55,21.3 1 0
pinset/configs/conf.go:23.2,23.21 1 0
pinset/configs/conf.go:30.41,36.2 3 0
pinset/configs/conf.go:43.33,48.2 1 0
pinset/configs/conf.go:58.37,62.2 1 0
pinset/internal/app/db/database.go:15.44,17.16 2 0
pinset/internal/app/db/database.go:17.16,19.3 1 0
pinset/internal/app/db/database.go:21.2,30.16 9 0
pinset/internal/app/db/database.go:30.16,32.3 1 0
pinset/internal/app/db/database.go:34.2,37.67 4 0
pinset/internal/app/db/database.go:37.67,38.20 1 0
pinset/internal/app/db/database.go:38.20,40.4 1 0
pinset/internal/app/db/database.go:41.3,43.43 3 0
pinset/internal/app/db/database.go:46.2,47.19 2 0
pinset/cmd/main.go:7.13,9.2 1 0
pinset/internal/app/middleware/CORS.go:15.43,16.71 1 0
pinset/internal/app/middleware/CORS.go:16.71,18.21 1 0
pinset/internal/app/middleware/CORS.go:18.21,21.97 3 0
pinset/internal/app/middleware/CORS.go:21.97,27.5 5 0
pinset/internal/app/middleware/CORS.go:28.9,31.51 2 0
pinset/internal/app/middleware/CORS.go:31.51,35.5 3 0
pinset/internal/app/middleware/CORS.go:38.3,38.23 1 0
pinset/internal/app/middleware/CORS.go:42.40,46.2 1 0
pinset/internal/app/middleware/auth.go:18.94,20.16 2 0
pinset/internal/app/middleware/auth.go:20.16,22.3 1 0
pinset/internal/app/middleware/auth.go:24.2,27.16 3 0
pinset/internal/app/middleware/auth.go:27.16,29.3 1 0
pinset/internal/app/middleware/auth.go:31.2,34.32 3 0
pinset/internal/app/middleware/auth.go:37.116,38.54 1 0
pinset/internal/app/middleware/auth.go:38.54,40.17 2 0
pinset/internal/app/middleware/auth.go:40.17,41.54 1 0
pinset/internal/app/middleware/auth.go:41.54,46.5 2 0
pinset/internal/app/middleware/auth.go:47.4,47.40 1 0
pinset/internal/app/middleware/auth.go:47.40,52.5 2 0
pinset/internal/app/middleware/auth.go:53.4,56.10 2 0
pinset/internal/app/middleware/auth.go:59.3,59.29 1 0
pinset/internal/app/middleware/auth.go:63.119,64.54 1 0
pinset/internal/app/middleware/auth.go:64.54,80.3 1 0
pinset/internal/app/middleware/panic.go:11.67,12.71 1 0
pinset/internal/app/middleware/panic.go:12.71,13.16 1 0
pinset/internal/app/middleware/panic.go:13.16,14.36 1 0
pinset/internal/app/middleware/panic.go:14.36,18.5 1 0
pinset/internal/app/middleware/panic.go:21.3,21.23 1 0
pinset/internal/app/middleware/request_id.go:28.13,30.34 2 0
pinset/internal/app/middleware/request_id.go:30.34,32.3 1 0
pinset/internal/app/middleware/request_id.go:33.2,35.20 3 0
pinset/internal/app/middleware/request_id.go:35.20,39.3 3 0
pinset/internal/app/middleware/request_id.go:41.2,41.52 1 0
pinset/internal/app/middleware/request_id.go:44.48,45.71 1 0
pinset/internal/app/middleware/request_id.go:45.71,48.22 3 0
pinset/internal/app/middleware/request_id.go:48.22,51.4 2 0
pinset/internal/app/middleware/request_id.go:52.3,53.40 2 0
pinset/internal/app/delivery/http/feed.go:9.81,10.23 1 0
pinset/internal/app/delivery/http/feed.go:10.23,13.3 2 0
pinset/internal/app/delivery/http/feed.go:15.2,20.56 4 0
pinset/internal/app/delivery/http/feed.go:20.56,25.3 2 0
pinset/internal/app/delivery/http/media.go:20.87,22.2 0 0
pinset/internal/app/delivery/http/media.go:24.89,26.65 2 0
pinset/internal/app/delivery/http/media.go:26.65,31.3 2 0
pinset/internal/app/delivery/http/media.go:33.2,34.16 2 0
pinset/internal/app/delivery/http/media.go:34.16,39.3 2 0
pinset/internal/app/delivery/http/media.go:42.2,44.16 3 0
pinset/internal/app/delivery/http/media.go:44.16,45.38 1 0
pinset/internal/app/delivery/http/media.go:45.38,49.4 1 0
pinset/internal/app/delivery/http/media.go:49.9,53.4 1 0
pinset/internal/app/delivery/http/media.go:54.3,54.9 1 0
pinset/internal/app/delivery/http/media.go:57.2,63.4 2 0
pinset/internal/app/delivery/http/response.go:12.97,17.54 3 0
pinset/internal/app/delivery/http/response.go:17.54,22.3 2 0
pinset/internal/app/delivery/http/response.go:25.99,30.54 3 0
pinset/internal/app/delivery/http/response.go:30.54,35.3 2 0
pinset/internal/app/delivery/http/response.go:38.99,42.54 3 0
pinset/internal/app/delivery/http/response.go:42.54,47.3 2 0
pinset/internal/app/delivery/http/response.go:50.99,52.16 2 0
pinset/internal/app/delivery/http/response.go:52.16,57.3 2 0
pinset/internal/app/delivery/http/response.go:59.2,60.19 2 0
pinset/internal/app/delivery/http/response.go:63.110,68.16 4 0
pinset/internal/app/delivery/http/response.go:68.16,73.3 2 0
pinset/internal/app/delivery/http/response.go:76.109,78.16 2 0
pinset/internal/app/delivery/http/response.go:78.16,83.3 2 0
pinset/internal/app/delivery/http/response.go:85.2,86.19 2 0
pinset/internal/app/delivery/http/response.go:89.99,93.54 3 0
pinset/internal/app/delivery/http/response.go:93.54,98.3 2 0
pinset/internal/app/delivery/http/user.go:24.82,30.16 4 0
pinset/internal/app/delivery/http/user.go:30.16,35.3 2 0
pinset/internal/app/delivery/http/user.go:37.2,37.18 1 0
pinset/internal/app/delivery/http/user.go:37.18,42.3 2 0
pinset/internal/app/delivery/http/user.go:44.2,44.14 1 0
pinset/internal/app/delivery/http/user.go:44.14,46.3 1 0
pinset/internal/app/delivery/http/user.go:48.2,49.16 2 0
pinset/internal/app/delivery/http/user.go:49.16,54.3 2 0
pinset/internal/app/delivery/http/user.go:56.2,68.4 3 0
pinset/internal/app/delivery/http/user.go:71.83,74.38 2 0
pinset/internal/app/delivery/http/user.go:74.38,79.3 2 0
pinset/internal/app/delivery/http/user.go:81.2,82.16 2 0
pinset/internal/app/delivery/http/user.go:82.16,87.3 2 0
pinset/internal/app/delivery/http/user.go:90.2,100.4 3 0
pinset/internal/app/delivery/http/user.go:103.83,106.16 3 0
pinset/internal/app/delivery/http/user.go:106.16,111.3 2 0
pinset/internal/app/delivery/http/user.go:113.2,116.16 3 0
pinset/internal/app/delivery/http/user.go:116.16,121.3 2 0
pinset/internal/app/delivery/http/user.go:123.2,125.4 1 0
pinset/internal/app/delivery/http/user.go:128.89,131.38 2 0
pinset/internal/app/delivery/http/user.go:131.38,136.3 2 0
pinset/internal/app/delivery/http/user.go:138.2,139.16 2 0
pinset/internal/app/delivery/http/user.go:139.16,143.3 1 0
pinset/internal/app/delivery/http/user.go:143.8,148.3 2 0
pinset/internal/app/delivery/http/user.go:151.88,154.16 3 0
pinset/internal/app/delivery/http/user.go:154.16,159.3 2 0
pinset/internal/app/delivery/http/user.go:160.2,161.16 2 0
pinset/internal/app/delivery/http/user.go:161.16,166.3 2 0
pinset/internal/app/delivery/http/user.go:167.2,173.4 1 0
pinset/internal/app/delivery/http/user.go:176.91,181.16 4 0
pinset/internal/app/delivery/http/user.go:181.16,186.3 2 0
pinset/internal/app/delivery/http/user.go:188.2,188.18 1 0
pinset/internal/app/delivery/http/user.go:188.18,193.3 2 0
pinset/internal/app/delivery/http/user.go:195.2,197.16 3 0
pinset/internal/app/delivery/http/user.go:197.16,202.3 2 0
pinset/internal/app/delivery/http/user.go:203.2,213.16 2 0
pinset/internal/app/delivery/http/user.go:213.16,217.3 1 0
pinset/internal/app/delivery/http/user.go:218.2,220.4 1 0
pinset/internal/app/repository/feed.go:9.49,13.2 1 0
pinset/internal/app/repository/feed.go:125.61,130.2 3 0
pinset/internal/app/repository/feed.go:132.64,137.2 3 0
pinset/internal/app/repository/media.go:31.60,34.16 3 0
pinset/internal/app/repository/media.go:34.16,36.3 1 0
pinset/internal/app/repository/media.go:38.2,43.8 1 0
pinset/internal/app/repository/media.go:46.91,47.18 1 0
pinset/internal/app/repository/media.go:48.71,49.29 1 0
pinset/internal/app/repository/media.go:50.22,51.29 1 0
pinset/internal/app/repository/media.go:52.54,53.29 1 0
pinset/internal/app/repository/media.go:54.10,55.12 1 0
pinset/internal/app/repository/media.go:59.83,68.2 1 0
pinset/internal/app/repository/media.go:70.95,73.2 1 0
pinset/internal/app/repository/media.go:75.130,80.16 3 0
pinset/internal/app/repository/media.go:80.16,82.3 1 0
pinset/internal/app/repository/media.go:84.2,84.24 1 0
pinset/internal/app/repository/minio.go:14.67,19.16 2 0
pinset/internal/app/repository/minio.go:19.16,21.3 1 0
pinset/internal/app/repository/minio.go:23.2,24.37 2 0
pinset/internal/app/repository/minio.go:24.37,26.17 2 0
pinset/internal/app/repository/minio.go:26.17,28.4 1 0
pinset/internal/app/repository/minio.go:31.2,31.25 1 0
pinset/internal/app/repository/minio.go:34.73,38.12 2 0
pinset/internal/app/repository/minio.go:38.12,40.3 1 0
pinset/internal/app/repository/minio.go:42.2,43.16 2 0
pinset/internal/app/repository/minio.go:43.16,45.3 1 0
pinset/internal/app/repository/minio.go:47.2,47.12 1 0
pinset/internal/app/models/board.go:23.28,26.2 2 0
pinset/internal/app/models/board.go:28.30,29.43 1 0
pinset/internal/app/models/board.go:29.43,31.3 1 0
pinset/internal/app/models/board.go:32.2,32.35 1 0
pinset/internal/app/models/board.go:35.33,37.2 1 0
pinset/internal/app/models/board.go:39.40,41.2 1 0
pinset/internal/app/models/comment.go:19.30,21.2 1 0
pinset/internal/app/models/comment.go:23.32,24.21 1 0
pinset/internal/app/models/comment.go:24.21,26.3 1 0
pinset/internal/app/models/comment.go:27.2,27.37 1 0
pinset/internal/app/models/feed.go:7.34,9.2 1 0
pinset/internal/app/models/pin.go:23.26,28.2 4 0
pinset/internal/app/models/pin.go:30.28,31.44 1 0
pinset/internal/app/models/pin.go:31.44,33.3 1 0
pinset/internal/app/models/pin.go:34.2,34.33 1 0
pinset/internal/app/models/pin.go:37.32,39.2 1 0
pinset/internal/app/models/pin.go:41.38,43.2 1 0
pinset/internal/app/models/section.go:19.30,22.2 2 0
pinset/internal/app/models/section.go:24.32,25.43 1 0
pinset/internal/app/models/section.go:25.43,27.3 1 0
pinset/internal/app/models/section.go:28.2,28.37 1 0
pinset/internal/app/models/section.go:31.35,33.2 1 0
pinset/internal/app/models/section.go:35.42,37.2 1 0
pinset/internal/app/models/user.go:33.68,40.2 1 0
pinset/internal/app/models/user.go:42.27,49.2 6 0
pinset/internal/app/models/user.go:51.29,55.18 1 0
pinset/internal/app/models/user.go:55.18,57.3 1 0
pinset/internal/app/models/user.go:58.2,58.34 1 0
pinset/internal/app/models/user.go:61.33,64.2 2 0
pinset/internal/app/models/user.go:66.36,68.2 1 0
pinset/internal/app/models/request/login.go:9.37,11.2 1 0
pinset/internal/app/models/request/updateUserInfo.go:14.48,18.2 1 0
pinset/internal/app/routing/routing.go:49.114,55.2 1 0
pinset/internal/app/routing/routing.go:57.88,62.2 1 0
pinset/internal/app/routing/routing.go:65.81,74.2 6 0
pinset/internal/app/routing/routing.go:76.88,81.2 1 0
pinset/internal/app/routing/routing.go:84.81,86.2 1 0
pinset/internal/app/routing/routing.go:88.91,93.2 1 0
pinset/internal/app/routing/routing.go:96.84,98.2 1 0
pinset/internal/app/routing/routing.go:100.14,102.16 2 0
pinset/internal/app/routing/routing.go:102.16,104.3 1 0
pinset/internal/app/routing/routing.go:106.2,120.21 11 0
pinset/internal/app/routing/routing.go:120.21,122.3 1 0
pinset/internal/app/routing/routing.go:124.2,142.39 10 0
pinset/internal/errors/errors.go:101.33,104.2 2 0
pinset/internal/errors/errors.go:106.84,109.23 2 0
pinset/internal/errors/errors.go:109.23,111.3 1 0
pinset/internal/errors/errors.go:112.2,112.24 1 0
pinset/internal/errors/errors.go:112.24,114.3 1 0
pinset/internal/errors/errors.go:116.2,128.16 5 0
pinset/internal/errors/errors.go:128.16,132.3 3 0
pinset/internal/errors/errors.go:134.2,135.16 2 0
pinset/internal/errors/errors.go:135.16,138.3 2 0
pinset/pkg/utils/datetime.go:5.41,6.36 1 0
pinset/pkg/utils/datetime.go:6.36,8.3 1 0
pinset/pkg/utils/datetime.go:9.2,9.18 1 0
pinset/pkg/utils/datetime.go:9.18,11.3 1 0
pinset/pkg/utils/datetime.go:12.2,15.21 3 0
pinset/internal/app/usecase/feed.go:8.63,12.2 1 0
pinset/internal/app/usecase/feed.go:14.54,17.2 2 0
pinset/internal/app/usecase/media.go:12.66,16.2 1 0
pinset/internal/app/usecase/media.go:18.53,21.2 1 0
pinset/internal/app/usecase/media.go:23.97,26.35 2 0
pinset/internal/app/usecase/media.go:26.35,29.17 2 0
pinset/internal/app/usecase/media.go:29.17,31.4 1 0
pinset/internal/app/usecase/media.go:32.3,36.17 4 0
pinset/internal/app/usecase/media.go:36.17,38.4 1 0
pinset/internal/app/usecase/media.go:39.3,43.48 3 0
pinset/internal/app/usecase/media.go:43.48,45.4 1 0
pinset/internal/app/usecase/media.go:47.3,49.17 3 0
pinset/internal/app/usecase/media.go:49.17,51.4 1 0
pinset/internal/app/usecase/media.go:53.3,53.63 1 0
pinset/internal/app/usecase/media.go:56.2,56.30 1 0
pinset/internal/app/usecase/user.go:17.63,22.2 1 0
pinset/internal/app/usecase/user.go:24.83,32.16 3 0
pinset/internal/app/usecase/user.go:32.16,34.3 1 0
pinset/internal/app/usecase/user.go:35.2,35.19 1 0
pinset/internal/app/usecase/user.go:35.19,37.3 1 0
pinset/internal/app/usecase/user.go:39.2,40.16 2 0
pinset/internal/app/usecase/user.go:40.16,42.3 1 0
pinset/internal/app/usecase/user.go:45.2,45.46 1 0
pinset/internal/app/usecase/user.go:45.46,47.3 1 0
pinset/internal/app/usecase/user.go:49.2,50.16 2 0
pinset/internal/app/usecase/user.go:50.16,52.3 1 0
pinset/internal/app/usecase/user.go:54.2,61.16 3 0
pinset/internal/app/usecase/user.go:61.16,63.3 1 0
pinset/internal/app/usecase/user.go:65.2,67.25 2 0
pinset/internal/app/usecase/user.go:70.62,72.39 1 0
pinset/internal/app/usecase/user.go:72.39,74.3 1 0
pinset/internal/app/usecase/user.go:76.2,78.12 2 0
pinset/internal/app/usecase/user.go:81.67,83.37 1 0
pinset/internal/app/usecase/user.go:83.37,85.3 1 0
pinset/internal/app/usecase/user.go:88.2,89.16 2 0
pinset/internal/app/usecase/user.go:89.16,91.3 1 0
pinset/internal/app/usecase/user.go:93.2,93.18 1 0
pinset/internal/app/usecase/user.go:93.18,95.3 1 0
pinset/internal/app/usecase/user.go:97.2,98.16 2 0
pinset/internal/app/usecase/user.go:98.16,100.3 1 0
pinset/internal/app/usecase/user.go:102.2,102.12 1 0
pinset/internal/app/usecase/user.go:105.78,106.80 1 0
pinset/internal/app/usecase/user.go:106.80,108.3 1 0
pinset/internal/app/usecase/user.go:110.2,110.16 1 0
pinset/internal/app/usecase/user.go:110.16,112.3 1 0
pinset/internal/app/usecase/user.go:114.2,114.21 1 0
pinset/internal/app/usecase/user.go:114.21,116.3 1 0
pinset/internal/app/usecase/user.go:118.2,118.43 1 0
pinset/internal/app/usecase/user.go:118.43,120.3 1 0
pinset/internal/app/usecase/user.go:122.2,122.55 1 0
pinset/internal/app/usecase/user.go:122.55,124.3 1 0
pinset/internal/app/usecase/user.go:126.2,126.41 1 0
pinset/internal/app/usecase/user.go:129.89,132.16 2 0
pinset/internal/app/usecase/user.go:132.16,134.3 1 0
pinset/internal/app/usecase/user.go:136.2,136.27 1 0
pinset/internal/app/usecase/user.go:136.27,138.3 1 0
pinset/internal/app/usecase/user.go:140.2,141.16 2 0
pinset/internal/app/usecase/user.go:141.16,143.3 1 0
pinset/internal/app/usecase/user.go:144.2,144.12 1 0
pinset/internal/app/usecase/user.go:147.93,150.16 2 0
pinset/internal/app/usecase/user.go:150.16,152.3 1 0
pinset/internal/app/usecase/user.go:154.2,154.27 1 0
pinset/internal/app/usecase/user.go:154.27,156.3 1 0
pinset/internal/app/usecase/user.go:158.2,159.16 2 0
pinset/internal/app/usecase/user.go:159.16,161.3 1 0
pinset/internal/app/usecase/user.go:162.2,162.12 1 0
pinset/internal/app/usecase/user.go:165.88,168.16 2 0
pinset/internal/app/usecase/user.go:168.16,170.3 1 0
pinset/internal/app/usecase/user.go:172.2,173.16 2 0
pinset/internal/app/usecase/user.go:173.16,175.3 1 0
pinset/internal/app/usecase/user.go:177.2,177.19 1 0
pinset/internal/app/usecase/user.go:177.19,179.3 1 0
pinset/internal/app/usecase/user.go:181.2,182.16 2 0
pinset/internal/app/usecase/user.go:182.16,184.3 1 0
pinset/internal/app/usecase/user.go:185.2,185.12 1 0
pinset/internal/app/usecase/user.go:188.104,191.16 3 0
pinset/internal/app/usecase/user.go:191.16,193.3 1 0
pinset/internal/app/usecase/user.go:195.2,196.16 2 0
pinset/internal/app/usecase/user.go:196.16,198.3 1 0
pinset/internal/app/usecase/user.go:200.2,201.16 2 0
pinset/internal/app/usecase/user.go:201.16,203.3 1 0
pinset/internal/app/usecase/user.go:205.2,205.30 1 0
pinset/pkg/logger/logger.go:12.42,16.16 3 0
pinset/pkg/logger/logger.go:16.16,18.3 1 0
pinset/pkg/logger/logger.go:20.2,29.20 3 0
pinset/internal/app/session/session.go:14.43,19.2 1 0
pinset/internal/app/session/session.go:21.60,26.2 3 0
pinset/internal/app/session/session.go:28.49,33.2 3 0
pinset/internal/app/session/session.go:35.54,42.2 4 0
pinset/internal/app/session/session.go:44.55,49.9 4 0
pinset/internal/app/session/session.go:49.9,51.3 1 0
pinset/internal/app/session/session.go:52.2,52.16 1 0
pinset/configs/conf.go:9.58,10.48 1 0
pinset/configs/conf.go:10.48,12.3 1 0
pinset/configs/conf.go:14.2,14.21 1 0
pinset/configs/conf.go:17.59,19.55 2 0
pinset/configs/conf.go:19.55,21.3 1 0
pinset/configs/conf.go:23.2,23.21 1 0
pinset/configs/conf.go:30.41,36.2 3 0
pinset/configs/conf.go:43.33,48.2 1 0
pinset/configs/conf.go:58.37,62.2 1 0
pinset/internal/app/delivery/http/feed.go:9.81,10.23 1 0
pinset/internal/app/delivery/http/feed.go:10.23,13.3 2 0
pinset/internal/app/delivery/http/feed.go:15.2,20.56 4 0
pinset/internal/app/delivery/http/feed.go:20.56,25.3 2 0
pinset/internal/app/delivery/http/media.go:20.87,22.2 0 0
pinset/internal/app/delivery/http/media.go:24.89,26.65 2 0
pinset/internal/app/delivery/http/media.go:26.65,31.3 2 0
pinset/internal/app/delivery/http/media.go:33.2,34.16 2 0
pinset/internal/app/delivery/http/media.go:34.16,39.3 2 0
pinset/internal/app/delivery/http/media.go:42.2,44.16 3 0
pinset/internal/app/delivery/http/media.go:44.16,45.38 1 0
pinset/internal/app/delivery/http/media.go:45.38,49.4 1 0
pinset/internal/app/delivery/http/media.go:49.9,53.4 1 0
pinset/internal/app/delivery/http/media.go:54.3,54.9 1 0
pinset/internal/app/delivery/http/media.go:57.2,63.4 2 0
pinset/internal/app/delivery/http/response.go:12.97,17.54 3 0
pinset/internal/app/delivery/http/response.go:17.54,22.3 2 0
pinset/internal/app/delivery/http/response.go:25.99,30.54 3 0
pinset/internal/app/delivery/http/response.go:30.54,35.3 2 0
pinset/internal/app/delivery/http/response.go:38.99,42.54 3 0
pinset/internal/app/delivery/http/response.go:42.54,47.3 2 0
pinset/internal/app/delivery/http/response.go:50.99,52.16 2 0
pinset/internal/app/delivery/http/response.go:52.16,57.3 2 0
pinset/internal/app/delivery/http/response.go:59.2,60.19 2 0
pinset/internal/app/delivery/http/response.go:63.110,68.16 4 0
pinset/internal/app/delivery/http/response.go:68.16,73.3 2 0
pinset/internal/app/delivery/http/response.go:76.109,78.16 2 0
pinset/internal/app/delivery/http/response.go:78.16,83.3 2 0
pinset/internal/app/delivery/http/response.go:85.2,86.19 2 0
pinset/internal/app/delivery/http/response.go:89.99,93.54 3 0
pinset/internal/app/delivery/http/response.go:93.54,98.3 2 0
pinset/internal/app/delivery/http/user.go:24.82,30.16 4 0
pinset/internal/app/delivery/http/user.go:30.16,35.3 2 0
pinset/internal/app/delivery/http/user.go:37.2,37.18 1 0
pinset/internal/app/delivery/http/user.go:37.18,42.3 2 0
pinset/internal/app/delivery/http/user.go:44.2,44.14 1 0
pinset/internal/app/delivery/http/user.go:44.14,46.3 1 0
pinset/internal/app/delivery/http/user.go:48.2,49.16 2 0
pinset/internal/app/delivery/http/user.go:49.16,54.3 2 0
pinset/internal/app/delivery/http/user.go:56.2,68.4 3 0
pinset/internal/app/delivery/http/user.go:71.83,74.38 2 0
pinset/internal/app/delivery/http/user.go:74.38,79.3 2 0
pinset/internal/app/delivery/http/user.go:81.2,82.16 2 0
pinset/internal/app/delivery/http/user.go:82.16,87.3 2 0
pinset/internal/app/delivery/http/user.go:90.2,100.4 3 0
pinset/internal/app/delivery/http/user.go:103.83,106.16 3 0
pinset/internal/app/delivery/http/user.go:106.16,111.3 2 0
pinset/internal/app/delivery/http/user.go:113.2,116.16 3 0
pinset/internal/app/delivery/http/user.go:116.16,121.3 2 0
pinset/internal/app/delivery/http/user.go:123.2,125.4 1 0
pinset/internal/app/delivery/http/user.go:128.89,131.38 2 0
pinset/internal/app/delivery/http/user.go:131.38,136.3 2 0
pinset/internal/app/delivery/http/user.go:138.2,139.16 2 0
pinset/internal/app/delivery/http/user.go:139.16,143.3 1 0
pinset/internal/app/delivery/http/user.go:143.8,148.3 2 0
pinset/internal/app/delivery/http/user.go:151.88,154.16 3 0
pinset/internal/app/delivery/http/user.go:154.16,159.3 2 0
pinset/internal/app/delivery/http/user.go:160.2,161.16 2 0
pinset/internal/app/delivery/http/user.go:161.16,166.3 2 0
pinset/internal/app/delivery/http/user.go:167.2,173.4 1 0
pinset/internal/app/delivery/http/user.go:176.91,181.16 4 0
pinset/internal/app/delivery/http/user.go:181.16,186.3 2 0
pinset/internal/app/delivery/http/user.go:188.2,188.18 1 0
pinset/internal/app/delivery/http/user.go:188.18,193.3 2 0
pinset/internal/app/delivery/http/user.go:195.2,197.16 3 0
pinset/internal/app/delivery/http/user.go:197.16,202.3 2 0
pinset/internal/app/delivery/http/user.go:203.2,213.16 2 0
pinset/internal/app/delivery/http/user.go:213.16,217.3 1 0
pinset/internal/app/delivery/http/user.go:218.2,220.4 1 0
pinset/internal/app/models/board.go:23.28,26.2 2 0
pinset/internal/app/models/board.go:28.30,29.43 1 0
pinset/internal/app/models/board.go:29.43,31.3 1 0
pinset/internal/app/models/board.go:32.2,32.35 1 0
pinset/internal/app/models/board.go:35.33,37.2 1 0
pinset/internal/app/models/board.go:39.40,41.2 1 0
pinset/internal/app/models/comment.go:19.30,21.2 1 0
pinset/internal/app/models/comment.go:23.32,24.21 1 0
pinset/internal/app/models/comment.go:24.21,26.3 1 0
pinset/internal/app/models/comment.go:27.2,27.37 1 0
pinset/internal/app/models/feed.go:7.34,9.2 1 0
pinset/internal/app/models/pin.go:23.26,28.2 4 0
pinset/internal/app/models/pin.go:30.28,31.44 1 0
pinset/internal/app/models/pin.go:31.44,33.3 1 0
pinset/internal/app/models/pin.go:34.2,34.33 1 0
pinset/internal/app/models/pin.go:37.32,39.2 1 0
pinset/internal/app/models/pin.go:41.38,43.2 1 0
pinset/internal/app/models/section.go:19.30,22.2 2 0
pinset/internal/app/models/section.go:24.32,25.43 1 0
pinset/internal/app/models/section.go:25.43,27.3 1 0
pinset/internal/app/models/section.go:28.2,28.37 1 0
pinset/internal/app/models/section.go:31.35,33.2 1 0
pinset/internal/app/models/section.go:35.42,37.2 1 0
pinset/internal/app/models/user.go:33.68,40.2 1 0
pinset/internal/app/models/user.go:42.27,49.2 6 0
pinset/internal/app/models/user.go:51.29,55.18 1 0
pinset/internal/app/models/user.go:55.18,57.3 1 0
pinset/internal/app/models/user.go:58.2,58.34 1 0
pinset/internal/app/models/user.go:61.33,64.2 2 0
pinset/internal/app/models/user.go:66.36,68.2 1 0
pinset/internal/app/models/request/login.go:9.37,11.2 1 0
pinset/internal/app/models/request/updateUserInfo.go:14.48,18.2 1 0
pinset/internal/app/repository/userRepository/user.go:22.82,28.2 1 1
pinset/internal/app/repository/userRepository/user.go:30.70,33.16 3 1
pinset/internal/app/repository/userRepository/user.go:33.16,34.36 1 1
pinset/internal/app/repository/userRepository/user.go:34.36,36.4 1 0
pinset/internal/app/repository/userRepository/user.go:37.3,37.49 1 1
pinset/internal/app/repository/userRepository/user.go:39.2,39.20 1 1
pinset/internal/app/repository/userRepository/user.go:42.74,45.16 3 1
pinset/internal/app/repository/userRepository/user.go:45.16,46.36 1 1
pinset/internal/app/repository/userRepository/user.go:46.36,48.4 1 0
pinset/internal/app/repository/userRepository/user.go:49.3,49.48 1 1
pinset/internal/app/repository/userRepository/user.go:52.2,52.17 1 1
pinset/internal/app/repository/userRepository/user.go:52.17,54.3 1 0
pinset/internal/app/repository/userRepository/user.go:55.2,56.12 2 1
pinset/internal/app/repository/userRepository/user.go:59.88,63.40 3 1
pinset/internal/app/repository/userRepository/user.go:63.40,65.3 1 0
pinset/internal/app/repository/userRepository/user.go:67.2,67.30 1 1
pinset/internal/app/repository/userRepository/user.go:70.84,73.16 3 1
pinset/internal/app/repository/userRepository/user.go:73.16,74.36 1 1
pinset/internal/app/repository/userRepository/user.go:74.36,76.4 1 1
pinset/internal/app/repository/userRepository/user.go:77.3,77.49 1 0
pinset/internal/app/repository/userRepository/user.go:80.2,80.35 1 1
pinset/internal/app/repository/userRepository/user.go:80.35,82.3 1 1
pinset/internal/app/repository/userRepository/user.go:83.2,83.12 1 1
pinset/internal/app/repository/userRepository/user.go:86.107,90.16 3 1
pinset/internal/app/repository/userRepository/user.go:90.16,91.36 1 1
pinset/internal/app/repository/userRepository/user.go:91.36,93.4 1 1
pinset/internal/app/repository/userRepository/user.go:94.3,94.81 1 0
pinset/internal/app/repository/userRepository/user.go:96.2,96.22 1 1
pinset/internal/app/repository/userRepository/user.go:99.78,109.16 3 1
pinset/internal/app/repository/userRepository/user.go:109.16,110.36 1 1
pinset/internal/app/repository/userRepository/user.go:110.36,112.4 1 1
pinset/internal/app/repository/userRepository/user.go:113.3,113.52 1 0
pinset/internal/app/repository/userRepository/user.go:116.2,117.12 2 1
pinset/internal/app/repository/userRepository/user.go:120.82,123.16 3 1
pinset/internal/app/repository/userRepository/user.go:123.16,124.36 1 1
pinset/internal/app/repository/userRepository/user.go:124.36,126.4 1 1
pinset/internal/app/repository/userRepository/user.go:127.3,127.56 1 0
pinset/internal/app/repository/userRepository/user.go:130.2,130.12 1 1
pinset/internal/app/repository/userRepository/user.go:133.74,135.16 2 1
pinset/internal/app/repository/userRepository/user.go:135.16,136.36 1 1
pinset/internal/app/repository/userRepository/user.go:136.36,138.4 1 1
pinset/internal/app/repository/userRepository/user.go:139.3,139.52 1 0
pinset/internal/app/repository/userRepository/user.go:141.2,142.12 2 1
pinset/internal/app/repository/userRepository/user.go:145.90,147.16 2 1
pinset/internal/app/repository/userRepository/user.go:147.16,149.3 1 1
pinset/internal/app/repository/userRepository/user.go:150.2,150.12 1 1
pinset/internal/app/repository/userRepository/user.go:153.92,155.16 2 1
pinset/internal/app/repository/userRepository/user.go:155.16,157.3 1 1
pinset/internal/app/repository/userRepository/user.go:158.2,158.12 1 1
pinset/internal/app/repository/userRepository/user.go:161.108,163.16 2 1
pinset/internal/app/repository/userRepository/user.go:163.16,165.3 1 1
pinset/internal/app/repository/userRepository/user.go:166.2,169.18 3 1
pinset/internal/app/repository/userRepository/user.go:169.18,171.48 2 1
pinset/internal/app/repository/userRepository/user.go:171.48,173.4 1 0
pinset/internal/app/repository/userRepository/user.go:174.3,174.52 1 1
pinset/internal/app/repository/userRepository/user.go:176.2,176.35 1 1
pinset/internal/app/repository/userRepository/user.go:176.35,178.3 1 0
pinset/internal/app/repository/userRepository/user.go:179.2,179.27 1 1
pinset/internal/app/repository/userRepository/user.go:182.111,184.16 2 1
pinset/internal/app/repository/userRepository/user.go:184.16,186.3 1 0
pinset/internal/app/repository/userRepository/user.go:187.2,190.18 3 1
pinset/internal/app/repository/userRepository/user.go:190.18,192.48 2 1
pinset/internal/app/repository/userRepository/user.go:192.48,194.4 1 0
pinset/internal/app/repository/userRepository/user.go:195.3,195.52 1 1
pinset/internal/app/repository/userRepository/user.go:197.2,197.35 1 1
pinset/internal/app/repository/userRepository/user.go:197.35,199.3 1 0
pinset/internal/app/repository/userRepository/user.go:200.2,200.27 1 1
pinset/internal/app/repository/userRepository/user.go:203.93,206.16 3 1
pinset/internal/app/repository/userRepository/user.go:206.16,207.36 1 1
pinset/internal/app/repository/userRepository/user.go:207.36,209.4 1 1
pinset/internal/app/repository/userRepository/user.go:210.3,210.59 1 1
pinset/internal/app/repository/userRepository/user.go:213.2,213.29 1 1
pinset/internal/app/repository/userRepository/user.go:216.93,219.16 3 1
pinset/internal/app/repository/userRepository/user.go:219.16,220.36 1 1
pinset/internal/app/repository/userRepository/user.go:220.36,222.4 1 1
pinset/internal/app/repository/userRepository/user.go:223.3,223.62 1 0
pinset/internal/app/repository/userRepository/user.go:226.2,226.32 1 1
pinset/internal/app/repository/userRepository/user.go:229.78,231.2 1 0
pinset/internal/app/repository/userRepository/user.go:233.73,235.2 1 0
pinset/internal/app/session/session.go:14.43,19.2 1 1
pinset/internal/app/session/session.go:21.60,26.2 3 0
pinset/internal/app/session/session.go:28.49,33.2 3 0
pinset/internal/app/session/session.go:35.54,42.2 4 0
pinset/internal/app/session/session.go:44.55,49.9 4 0
pinset/internal/app/session/session.go:49.9,51.3 1 0
pinset/internal/app/session/session.go:52.2,52.16 1 0
pinset/internal/app/usecase/feed.go:8.63,12.2 1 0
pinset/internal/app/usecase/feed.go:14.54,17.2 2 0
pinset/internal/app/usecase/media.go:12.66,16.2 1 0
pinset/internal/app/usecase/media.go:18.53,21.2 1 0
pinset/internal/app/usecase/media.go:23.97,26.35 2 0
pinset/internal/app/usecase/media.go:26.35,29.17 2 0
pinset/internal/app/usecase/media.go:29.17,31.4 1 0
pinset/internal/app/usecase/media.go:32.3,36.17 4 0
pinset/internal/app/usecase/media.go:36.17,38.4 1 0
pinset/internal/app/usecase/media.go:39.3,43.48 3 0
pinset/internal/app/usecase/media.go:43.48,45.4 1 0
pinset/internal/app/usecase/media.go:47.3,49.17 3 0
pinset/internal/app/usecase/media.go:49.17,51.4 1 0
pinset/internal/app/usecase/media.go:53.3,53.63 1 0
pinset/internal/app/usecase/media.go:56.2,56.30 1 0
pinset/internal/app/usecase/user.go:17.63,22.2 1 0
pinset/internal/app/usecase/user.go:24.83,32.16 3 0
pinset/internal/app/usecase/user.go:32.16,34.3 1 0
pinset/internal/app/usecase/user.go:35.2,35.19 1 0
pinset/internal/app/usecase/user.go:35.19,37.3 1 0
pinset/internal/app/usecase/user.go:39.2,40.16 2 0
pinset/internal/app/usecase/user.go:40.16,42.3 1 0
pinset/internal/app/usecase/user.go:45.2,45.46 1 0
pinset/internal/app/usecase/user.go:45.46,47.3 1 0
pinset/internal/app/usecase/user.go:49.2,50.16 2 0
pinset/internal/app/usecase/user.go:50.16,52.3 1 0
pinset/internal/app/usecase/user.go:54.2,61.16 3 0
pinset/internal/app/usecase/user.go:61.16,63.3 1 0
pinset/internal/app/usecase/user.go:65.2,67.25 2 0
pinset/internal/app/usecase/user.go:70.62,72.39 1 0
pinset/internal/app/usecase/user.go:72.39,74.3 1 0
pinset/internal/app/usecase/user.go:76.2,78.12 2 0
pinset/internal/app/usecase/user.go:81.67,83.37 1 0
pinset/internal/app/usecase/user.go:83.37,85.3 1 0
pinset/internal/app/usecase/user.go:88.2,89.16 2 0
pinset/internal/app/usecase/user.go:89.16,91.3 1 0
pinset/internal/app/usecase/user.go:93.2,93.18 1 0
pinset/internal/app/usecase/user.go:93.18,95.3 1 0
pinset/internal/app/usecase/user.go:97.2,98.16 2 0
pinset/internal/app/usecase/user.go:98.16,100.3 1 0
pinset/internal/app/usecase/user.go:102.2,102.12 1 0
pinset/internal/app/usecase/user.go:105.78,106.80 1 0
pinset/internal/app/usecase/user.go:106.80,108.3 1 0
pinset/internal/app/usecase/user.go:110.2,110.16 1 0
pinset/internal/app/usecase/user.go:110.16,112.3 1 0
pinset/internal/app/usecase/user.go:114.2,114.21 1 0
pinset/internal/app/usecase/user.go:114.21,116.3 1 0
pinset/internal/app/usecase/user.go:118.2,118.43 1 0
pinset/internal/app/usecase/user.go:118.43,120.3 1 0
pinset/internal/app/usecase/user.go:122.2,122.55 1 0
pinset/internal/app/usecase/user.go:122.55,124.3 1 0
pinset/internal/app/usecase/user.go:126.2,126.41 1 0
pinset/internal/app/usecase/user.go:129.89,132.16 2 0
pinset/internal/app/usecase/user.go:132.16,134.3 1 0
pinset/internal/app/usecase/user.go:136.2,136.27 1 0
pinset/internal/app/usecase/user.go:136.27,138.3 1 0
pinset/internal/app/usecase/user.go:140.2,141.16 2 0
pinset/internal/app/usecase/user.go:141.16,143.3 1 0
pinset/internal/app/usecase/user.go:144.2,144.12 1 0
pinset/internal/app/usecase/user.go:147.93,150.16 2 0
pinset/internal/app/usecase/user.go:150.16,152.3 1 0
pinset/internal/app/usecase/user.go:154.2,154.27 1 0
pinset/internal/app/usecase/user.go:154.27,156.3 1 0
pinset/internal/app/usecase/user.go:158.2,159.16 2 0
pinset/internal/app/usecase/user.go:159.16,161.3 1 0
pinset/internal/app/usecase/user.go:162.2,162.12 1 0
pinset/internal/app/usecase/user.go:165.88,168.16 2 0
pinset/internal/app/usecase/user.go:168.16,170.3 1 0
pinset/internal/app/usecase/user.go:172.2,173.16 2 0
pinset/internal/app/usecase/user.go:173.16,175.3 1 0
pinset/internal/app/usecase/user.go:177.2,177.19 1 0
pinset/internal/app/usecase/user.go:177.19,179.3 1 0
pinset/internal/app/usecase/user.go:181.2,182.16 2 0
pinset/internal/app/usecase/user.go:182.16,184.3 1 0
pinset/internal/app/usecase/user.go:185.2,185.12 1 0
pinset/internal/app/usecase/user.go:188.104,191.16 3 0
pinset/internal/app/usecase/user.go:191.16,193.3 1 0
pinset/internal/app/usecase/user.go:195.2,196.16 2 0
pinset/internal/app/usecase/user.go:196.16,198.3 1 0
pinset/internal/app/usecase/user.go:200.2,201.16 2 0
pinset/internal/app/usecase/user.go:201.16,203.3 1 0
pinset/internal/app/usecase/user.go:205.2,205.30 1 0
pinset/internal/errors/errors.go:101.33,104.2 2 0
pinset/internal/errors/errors.go:106.84,109.23 2 0
pinset/internal/errors/errors.go:109.23,111.3 1 0
pinset/internal/errors/errors.go:112.2,112.24 1 0
pinset/internal/errors/errors.go:112.24,114.3 1 0
pinset/internal/errors/errors.go:116.2,128.16 5 0
pinset/internal/errors/errors.go:128.16,132.3 3 0
pinset/internal/errors/errors.go:134.2,135.16 2 0
pinset/internal/errors/errors.go:135.16,138.3 2 0
pinset/pkg/utils/datetime.go:5.41,6.36 1 0
pinset/pkg/utils/datetime.go:6.36,8.3 1 0
pinset/pkg/utils/datetime.go:9.2,9.18 1 0
pinset/pkg/utils/datetime.go:9.18,11.3 1 0
pinset/pkg/utils/datetime.go:12.2,15.21 3 0
